# JRE version: Java(TM) SE Runtime Environment (8.0_112-b15) (build 1.8.0_112-b15)
# Java VM: Java HotSpot(TM) 64-Bit Server VM (25.112-b15 mixed mode windows-amd64 compressed oops)
Heap:
 PSYoungGen      total 57344K, used 17640K [0x00000007bc400000, 0x00000007c0000000, 0x00000007c0000000)
  eden space 53248K, 31% used [0x00000007bc400000,0x00000007bd47a2f8,0x00000007bf800000)
  from space 4096K, 18% used [0x00000007bfc00000,0x00000007bfcc0000,0x00000007c0000000)
  to   space 4096K, 0% used [0x00000007bf800000,0x00000007bf800000,0x00000007bfc00000)
 ParOldGen       total 139776K, used 64989K [0x0000000700000000, 0x0000000708880000, 0x00000007bc400000)
  object space 139776K, 46% used [0x0000000700000000,0x0000000703f775f0,0x0000000708880000)
 Metaspace       used 78089K, capacity 78939K, committed 79488K, reserved 1118208K
  class space    used 10649K, capacity 10827K, committed 10880K, reserved 1048576K
GC Heap History (10 events):
Event: 36429.172 GC heap before
{Heap before GC invocations=1628 (full 360):
 PSYoungGen      total 56832K, used 2712K [0x00000007bc400000, 0x00000007c0000000, 0x00000007c0000000)
  eden space 52224K, 0% used [0x00000007bc400000,0x00000007bc400000,0x00000007bf700000)
  from space 4608K, 58% used [0x00000007bfb80000,0x00000007bfe26020,0x00000007c0000000)
  to   space 4608K, 0% used [0x00000007bf700000,0x00000007bf700000,0x00000007bfb80000)
 ParOldGen       total 139776K, used 64702K [0x0000000700000000, 0x0000000708880000, 0x00000007bc400000)
  object space 139776K, 46% used [0x0000000700000000,0x0000000703f2fb08,0x0000000708880000)
 Metaspace       used 78081K, capacity 78939K, committed 79488K, reserved 1118208K
  class space    used 10649K, capacity 10827K, committed 10880K, reserved 1048576K
Event: 36429.361 GC heap after
Heap after GC invocations=1628 (full 360):
 PSYoungGen      total 56832K, used 0K [0x00000007bc400000, 0x00000007c0000000, 0x00000007c0000000)
  eden space 52224K, 0% used [0x00000007bc400000,0x00000007bc400000,0x00000007bf700000)
  from space 4608K, 0% used [0x00000007bfb80000,0x00000007bfb80000,0x00000007c0000000)
  to   space 4608K, 0% used [0x00000007bf700000,0x00000007bf700000,0x00000007bfb80000)
 ParOldGen       total 139776K, used 64989K [0x0000000700000000, 0x0000000708880000, 0x00000007bc400000)
  object space 139776K, 46% used [0x0000000700000000,0x0000000703f775f0,0x0000000708880000)
 Metaspace       used 78081K, capacity 78939K, committed 79488K, reserved 1118208K
  class space    used 10649K, capacity 10827K, committed 10880K, reserved 1048576K
}
Event: 36434.943 GC heap before
{Heap before GC invocations=1629 (full 360):
 PSYoungGen      total 56832K, used 52224K [0x00000007bc400000, 0x00000007c0000000, 0x00000007c0000000)
  eden space 52224K, 100% used [0x00000007bc400000,0x00000007bf700000,0x00000007bf700000)
  from space 4608K, 0% used [0x00000007bfb80000,0x00000007bfb80000,0x00000007c0000000)
  to   space 4608K, 0% used [0x00000007bf700000,0x00000007bf700000,0x00000007bfb80000)
 ParOldGen       total 139776K, used 64989K [0x0000000700000000, 0x0000000708880000, 0x00000007bc400000)
  object space 139776K, 46% used [0x0000000700000000,0x0000000703f775f0,0x0000000708880000)
 Metaspace       used 78088K, capacity 78939K, committed 79488K, reserved 1118208K
  class space    used 10649K, capacity 10827K, committed 10880K, reserved 1048576K
Event: 36434.950 GC heap after
Heap after GC invocations=1629 (full 360):
 PSYoungGen      total 56832K, used 448K [0x00000007bc400000, 0x00000007c0000000, 0x00000007c0000000)
  eden space 52224K, 0% used [0x00000007bc400000,0x00000007bc400000,0x00000007bf700000)
  from space 4608K, 9% used [0x00000007bf700000,0x00000007bf770000,0x00000007bfb80000)
  to   space 4608K, 0% used [0x00000007bfb80000,0x00000007bfb80000,0x00000007c0000000)
 ParOldGen       total 139776K, used 64989K [0x0000000700000000, 0x0000000708880000, 0x00000007bc400000)
  object space 139776K, 46% used [0x0000000700000000,0x0000000703f775f0,0x0000000708880000)
 Metaspace       used 78088K, capacity 78939K, committed 79488K, reserved 1118208K
  class space    used 10649K, capacity 10827K, committed 10880K, reserved 1048576K
}
Event: 36463.927 GC heap before
{Heap before GC invocations=1630 (full 360):
 PSYoungGen      total 56832K, used 52672K [0x00000007bc400000, 0x00000007c0000000, 0x00000007c0000000)
  eden space 52224K, 100% used [0x00000007bc400000,0x00000007bf700000,0x00000007bf700000)
  from space 4608K, 9% used [0x00000007bf700000,0x00000007bf770000,0x00000007bfb80000)
  to   space 4608K, 0% used [0x00000007bfb80000,0x00000007bfb80000,0x00000007c0000000)
 ParOldGen       total 139776K, used 64989K [0x0000000700000000, 0x0000000708880000, 0x00000007bc400000)
  object space 139776K, 46% used [0x0000000700000000,0x0000000703f775f0,0x0000000708880000)
 Metaspace       used 78088K, capacity 78939K, committed 79488K, reserved 1118208K
  class space    used 10649K, capacity 10827K, committed 10880K, reserved 1048576K
Event: 36463.936 GC heap after
Heap after GC invocations=1630 (full 360):
 PSYoungGen      total 56832K, used 704K [0x00000007bc400000, 0x00000007c0000000, 0x00000007c0000000)
  eden space 52224K, 0% used [0x00000007bc400000,0x00000007bc400000,0x00000007bf700000)
  from space 4608K, 15% used [0x00000007bfb80000,0x00000007bfc30000,0x00000007c0000000)
  to   space 4608K, 0% used [0x00000007bf700000,0x00000007bf700000,0x00000007bfb80000)
 ParOldGen       total 139776K, used 64989K [0x0000000700000000, 0x0000000708880000, 0x00000007bc400000)
  object space 139776K, 46% used [0x0000000700000000,0x0000000703f775f0,0x0000000708880000)
 Metaspace       used 78088K, capacity 78939K, committed 79488K, reserved 1118208K
  class space    used 10649K, capacity 10827K, committed 10880K, reserved 1048576K
}
Event: 36470.265 GC heap before
{Heap before GC invocations=1631 (full 360):
 PSYoungGen      total 56832K, used 52928K [0x00000007bc400000, 0x00000007c0000000, 0x00000007c0000000)
  eden space 52224K, 100% used [0x00000007bc400000,0x00000007bf700000,0x00000007bf700000)
  from space 4608K, 15% used [0x00000007bfb80000,0x00000007bfc30000,0x00000007c0000000)
  to   space 4608K, 0% used [0x00000007bf700000,0x00000007bf700000,0x00000007bfb80000)
 ParOldGen       total 139776K, used 64989K [0x0000000700000000, 0x0000000708880000, 0x00000007bc400000)
  object space 139776K, 46% used [0x0000000700000000,0x0000000703f775f0,0x0000000708880000)
 Metaspace       used 78089K, capacity 78939K, committed 79488K, reserved 1118208K
  class space    used 10649K, capacity 10827K, committed 10880K, reserved 1048576K
Event: 36470.270 GC heap after
Heap after GC invocations=1631 (full 360):
 PSYoungGen      total 56832K, used 640K [0x00000007bc400000, 0x00000007c0000000, 0x00000007c0000000)
  eden space 52224K, 0% used [0x00000007bc400000,0x00000007bc400000,0x00000007bf700000)
  from space 4608K, 13% used [0x00000007bf700000,0x00000007bf7a0000,0x00000007bfb80000)
  to   space 4096K, 0% used [0x00000007bfc00000,0x00000007bfc00000,0x00000007c0000000)
 ParOldGen       total 139776K, used 64989K [0x0000000700000000, 0x0000000708880000, 0x00000007bc400000)
  object space 139776K, 46% used [0x0000000700000000,0x0000000703f775f0,0x0000000708880000)
 Metaspace       used 78089K, capacity 78939K, committed 79488K, reserved 1118208K
  class space    used 10649K, capacity 10827K, committed 10880K, reserved 1048576K
}
Event: 36472.459 GC heap before
{Heap before GC invocations=1632 (full 360):
 PSYoungGen      total 56832K, used 52864K [0x00000007bc400000, 0x00000007c0000000, 0x00000007c0000000)
  eden space 52224K, 100% used [0x00000007bc400000,0x00000007bf700000,0x00000007bf700000)
  from space 4608K, 13% used [0x00000007bf700000,0x00000007bf7a0000,0x00000007bfb80000)
  to   space 4096K, 0% used [0x00000007bfc00000,0x00000007bfc00000,0x00000007c0000000)
 ParOldGen       total 139776K, used 64989K [0x0000000700000000, 0x0000000708880000, 0x00000007bc400000)
  object space 139776K, 46% used [0x0000000700000000,0x0000000703f775f0,0x0000000708880000)
 Metaspace       used 78089K, capacity 78939K, committed 79488K, reserved 1118208K
  class space    used 10649K, capacity 10827K, committed 10880K, reserved 1048576K
Event: 36472.468 GC heap after
Heap after GC invocations=1632 (full 360):
 PSYoungGen      total 57344K, used 768K [0x00000007bc400000, 0x00000007c0000000, 0x00000007c0000000)
  eden space 53248K, 0% used [0x00000007bc400000,0x00000007bc400000,0x00000007bf800000)
  from space 4096K, 18% used [0x00000007bfc00000,0x00000007bfcc0000,0x00000007c0000000)
  to   space 4096K, 0% used [0x00000007bf800000,0x00000007bf800000,0x00000007bfc00000)
 ParOldGen       total 139776K, used 64989K [0x0000000700000000, 0x0000000708880000, 0x00000007bc400000)
  object space 139776K, 46% used [0x0000000700000000,0x0000000703f775f0,0x0000000708880000)
 Metaspace       used 78089K, capacity 78939K, committed 79488K, reserved 1118208K
  class space    used 10649K, capacity 10827K, committed 10880K, reserved 1048576K
}

